<?xml version="1.0" encoding="utf-8"?><testsuites><testsuite errors="0" failures="2" hostname="LAPTOP-070RMKIM" name="pytest" skipped="0" tests="9" time="0.671" timestamp="2020-07-11T16:04:05.586832"><testcase classname="src.test.test_visualizer.D:\Python_project\a\src\test\test_visualizer.py" name="PYLINT" time="0.001"><failure message="F:  1, 0: No module named src\test\test_visualizer.py (fatal)">F:  1, 0: No module named src\test\test_visualizer.py (fatal)</failure></testcase><testcase classname="src.test.test_visualizer" name="mypy" time="0.184"></testcase><testcase classname="src.test.test_visualizer" name="FLAKE8" time="0.122"></testcase><testcase classname="src.test.test_visualizer" name="test_frame_annotation" time="0.001"></testcase><testcase classname="src.test.test_visualizer" name="test_patch_and_frame" time="0.002"></testcase><testcase classname="src.test.test_visualizer" name="test_combination_to_patch_and_icon_list" time="0.000"></testcase><testcase classname="src.test.test_visualizer" name="test_compute_best_fg_color_for_the_translation_text" time="0.001"></testcase><testcase classname="src.test.test_visualizer" name="test_compute_best_fg_color_for_the_strings_text" time="0.000"></testcase><testcase classname="" name="mypy" time="0.001"><failure message="mypy exited with status 1.">mypy exited with status 1.</failure></testcase></testsuite></testsuites>